<?xml version="1.0" encoding="UTF-8"?>
<testng-results skipped="0" failed="0" ignored="0" total="1" passed="1">
  <reporter-output>
  </reporter-output>
  <suite name="Default suite" duration-ms="8060" started-at="2022-03-05T22:45:07 IST" finished-at="2022-03-05T22:45:15 IST">
    <groups>
    </groups>
    <test name="Default test" duration-ms="8060" started-at="2022-03-05T22:45:07 IST" finished-at="2022-03-05T22:45:15 IST">
      <class name="com.test.LoginTest">
        <test-method status="PASS" signature="setUp()[pri:0, instance:com.test.LoginTest@305fd85d]" name="setUp" duration-ms="8016" started-at="2022-03-05T22:45:07 IST" finished-at="2022-03-05T22:45:15 IST">
          <reporter-output>
          </reporter-output>
        </test-method> <!-- setUp -->
      </class> <!-- com.test.LoginTest -->
    </test> <!-- Default test -->
  </suite> <!-- Default suite -->
</testng-results>
